<?xml version="1.0" encoding="UTF-8"?>
<coverage generated="1656253433">
  <project timestamp="1656253433">
    <file name="/home/runner/work/schema-generator/schema-generator/src/Builders/ComponentsBuilder.php">
      <class name="Apie\SchemaGenerator\Builders\ComponentsBuilder" namespace="global">
        <metrics complexity="23" methods="7" coveredmethods="4" conditionals="0" coveredconditionals="0" statements="46" coveredstatements="39" elements="53" coveredelements="43"/>
      </class>
      <line num="26" type="method" name="__construct" visibility="public" complexity="1" crap="1" count="10"/>
      <line num="28" type="stmt" count="10"/>
      <line num="29" type="stmt" count="10"/>
      <line num="30" type="stmt" count="10"/>
      <line num="33" type="method" name="getMixedReference" visibility="public" complexity="1" crap="1" count="4"/>
      <line num="35" type="stmt" count="4"/>
      <line num="38" type="method" name="getComponents" visibility="public" complexity="1" crap="1" count="10"/>
      <line num="40" type="stmt" count="10"/>
      <line num="43" type="method" name="setSchema" visibility="public" complexity="2" crap="2.02" count="10"/>
      <line num="45" type="stmt" count="10"/>
      <line num="46" type="stmt" count="0"/>
      <line num="48" type="stmt" count="10"/>
      <line num="49" type="stmt" count="10"/>
      <line num="51" type="stmt" count="10"/>
      <line num="52" type="stmt" count="10"/>
      <line num="55" type="method" name="getSchemaForMethod" visibility="public" complexity="4" crap="4" count="1"/>
      <line num="57" type="stmt" count="1"/>
      <line num="58" type="stmt" count="1"/>
      <line num="59" type="stmt" count="1"/>
      <line num="60" type="stmt" count="1"/>
      <line num="62" type="stmt" count="1"/>
      <line num="63" type="stmt" count="1"/>
      <line num="65" type="stmt" count="1"/>
      <line num="68" type="method" name="getSchemaForType" visibility="public" complexity="5" crap="7.35" count="1"/>
      <line num="70" type="stmt" count="1"/>
      <line num="71" type="stmt" count="1"/>
      <line num="72" type="stmt" count="0"/>
      <line num="73" type="stmt" count="0"/>
      <line num="74" type="stmt" count="0"/>
      <line num="76" type="stmt" count="0"/>
      <line num="80" type="stmt" count="1"/>
      <line num="81" type="stmt" count="1"/>
      <line num="83" type="stmt" count="1"/>
      <line num="84" type="stmt" count="0"/>
      <line num="89" type="stmt" count="1"/>
      <line num="92" type="method" name="addCreationSchemaFor" visibility="public" complexity="9" crap="9.02" count="10"/>
      <line num="95" type="stmt" count="10"/>
      <line num="96" type="stmt" count="10"/>
      <line num="97" type="stmt" count="4"/>
      <line num="98" type="stmt" count="10"/>
      <line num="99" type="stmt" count="4"/>
      <line num="100" type="stmt" count="10"/>
      <line num="101" type="stmt" count="10"/>
      <line num="102" type="stmt" count="4"/>
      <line num="104" type="stmt" count="10"/>
      <line num="105" type="stmt" count="10"/>
      <line num="106" type="stmt" count="10"/>
      <line num="107" type="stmt" count="2"/>
      <line num="109" type="stmt" count="10"/>
      <line num="110" type="stmt" count="10"/>
      <line num="111" type="stmt" count="10"/>
      <line num="112" type="stmt" count="10"/>
      <line num="115" type="stmt" count="0"/>
      <metrics loc="118" ncloc="115" classes="1" methods="7" coveredmethods="4" conditionals="0" coveredconditionals="0" statements="46" coveredstatements="39" elements="53" coveredelements="43"/>
    </file>
    <file name="/home/runner/work/schema-generator/schema-generator/src/ComponentsBuilderFactory.php">
      <class name="Apie\SchemaGenerator\ComponentsBuilderFactory" namespace="global">
        <metrics complexity="3" methods="3" coveredmethods="3" conditionals="0" coveredconditionals="0" statements="9" coveredstatements="9" elements="12" coveredelements="12"/>
      </class>
      <line num="20" type="method" name="__construct" visibility="public" complexity="1" crap="1" count="10"/>
      <line num="22" type="stmt" count="10"/>
      <line num="25" type="method" name="createComponentsBuilderFactory" visibility="public" complexity="1" crap="1" count="10"/>
      <line num="27" type="stmt" count="10"/>
      <line num="28" type="stmt" count="10"/>
      <line num="29" type="stmt" count="10"/>
      <line num="30" type="stmt" count="10"/>
      <line num="31" type="stmt" count="10"/>
      <line num="32" type="stmt" count="10"/>
      <line num="33" type="stmt" count="10"/>
      <line num="37" type="method" name="createComponentsBuilder" visibility="public" complexity="1" crap="1" count="10"/>
      <line num="39" type="stmt" count="10"/>
      <metrics loc="42" ncloc="39" classes="1" methods="3" coveredmethods="3" conditionals="0" coveredconditionals="0" statements="9" coveredstatements="9" elements="12" coveredelements="12"/>
    </file>
    <file name="/home/runner/work/schema-generator/schema-generator/src/Exceptions/ICanNotExtractASchemaFromClassException.php">
      <class name="Apie\SchemaGenerator\Exceptions\ICanNotExtractASchemaFromClassException" namespace="global">
        <metrics complexity="1" methods="1" coveredmethods="0" conditionals="0" coveredconditionals="0" statements="2" coveredstatements="0" elements="3" coveredelements="0"/>
      </class>
      <line num="8" type="method" name="__construct" visibility="public" complexity="1" crap="2" count="0"/>
      <line num="10" type="stmt" count="0"/>
      <line num="11" type="stmt" count="0"/>
      <metrics loc="18" ncloc="18" classes="1" methods="1" coveredmethods="0" conditionals="0" coveredconditionals="0" statements="2" coveredstatements="0" elements="3" coveredelements="0"/>
    </file>
    <file name="/home/runner/work/schema-generator/schema-generator/src/Interfaces/SchemaProvider.php">
      <metrics loc="17" ncloc="17" classes="0" methods="0" coveredmethods="0" conditionals="0" coveredconditionals="0" statements="0" coveredstatements="0" elements="0" coveredelements="0"/>
    </file>
    <file name="/home/runner/work/schema-generator/schema-generator/src/Other/MethodSchemaInfo.php">
      <class name="Apie\SchemaGenerator\Other\MethodSchemaInfo" namespace="global">
        <metrics complexity="0" methods="0" coveredmethods="0" conditionals="0" coveredconditionals="0" statements="0" coveredstatements="0" elements="0" coveredelements="0"/>
      </class>
      <metrics loc="16" ncloc="10" classes="0" methods="0" coveredmethods="0" conditionals="0" coveredconditionals="0" statements="0" coveredstatements="0" elements="0" coveredelements="0"/>
    </file>
    <file name="/home/runner/work/schema-generator/schema-generator/src/SchemaProviders/CompositeValueObjectSchemaProvider.php">
      <class name="Apie\SchemaGenerator\SchemaProviders\CompositeValueObjectSchemaProvider" namespace="global">
        <metrics complexity="4" methods="2" coveredmethods="2" conditionals="0" coveredconditionals="0" statements="11" coveredstatements="11" elements="13" coveredelements="13"/>
      </class>
      <line num="13" type="method" name="supports" visibility="public" complexity="1" crap="1" count="9"/>
      <line num="15" type="stmt" count="9"/>
      <line num="17" type="method" name="addCreationSchemaFor" visibility="public" complexity="3" crap="3" count="2"/>
      <line num="22" type="stmt" count="2"/>
      <line num="23" type="stmt" count="2"/>
      <line num="24" type="stmt" count="2"/>
      <line num="25" type="stmt" count="2"/>
      <line num="26" type="stmt" count="2"/>
      <line num="27" type="stmt" count="2"/>
      <line num="29" type="stmt" count="2"/>
      <line num="32" type="stmt" count="2"/>
      <line num="37" type="stmt" count="2"/>
      <line num="38" type="stmt" count="2"/>
      <metrics loc="41" ncloc="41" classes="1" methods="2" coveredmethods="2" conditionals="0" coveredconditionals="0" statements="11" coveredstatements="11" elements="13" coveredelements="13"/>
    </file>
    <file name="/home/runner/work/schema-generator/schema-generator/src/SchemaProviders/DateValueObjectSchemaProvider.php">
      <class name="Apie\SchemaGenerator\SchemaProviders\DateValueObjectSchemaProvider" namespace="global">
        <metrics complexity="2" methods="2" coveredmethods="2" conditionals="0" coveredconditionals="0" statements="7" coveredstatements="7" elements="9" coveredelements="9"/>
      </class>
      <line num="15" type="method" name="supports" visibility="public" complexity="1" crap="1" count="9"/>
      <line num="17" type="stmt" count="9"/>
      <line num="19" type="method" name="addCreationSchemaFor" visibility="public" complexity="1" crap="1" count="1"/>
      <line num="24" type="stmt" count="1"/>
      <line num="25" type="stmt" count="1"/>
      <line num="27" type="stmt" count="1"/>
      <line num="28" type="stmt" count="1"/>
      <line num="31" type="stmt" count="1"/>
      <line num="33" type="stmt" count="1"/>
      <metrics loc="36" ncloc="36" classes="1" methods="2" coveredmethods="2" conditionals="0" coveredconditionals="0" statements="7" coveredstatements="7" elements="9" coveredelements="9"/>
    </file>
    <file name="/home/runner/work/schema-generator/schema-generator/src/SchemaProviders/DtoSchemaProvider.php">
      <class name="Apie\SchemaGenerator\SchemaProviders\DtoSchemaProvider" namespace="global">
        <metrics complexity="13" methods="3" coveredmethods="3" conditionals="0" coveredconditionals="0" statements="25" coveredstatements="25" elements="28" coveredelements="28"/>
      </class>
      <line num="15" type="method" name="supports" visibility="public" complexity="1" crap="1" count="10"/>
      <line num="17" type="stmt" count="10"/>
      <line num="20" type="method" name="addCreationSchemaFor" visibility="public" complexity="6" crap="6" count="5"/>
      <line num="25" type="stmt" count="5"/>
      <line num="26" type="stmt" count="5"/>
      <line num="27" type="stmt" count="5"/>
      <line num="29" type="stmt" count="4"/>
      <line num="30" type="stmt" count="4"/>
      <line num="31" type="stmt" count="2"/>
      <line num="33" type="stmt" count="4"/>
      <line num="34" type="stmt" count="4"/>
      <line num="35" type="stmt" count="3"/>
      <line num="36" type="stmt" count="3"/>
      <line num="38" type="stmt" count="4"/>
      <line num="39" type="stmt" count="4"/>
      <line num="41" type="stmt" count="4"/>
      <line num="42" type="stmt" count="4"/>
      <line num="45" type="stmt" count="5"/>
      <line num="50" type="stmt" count="5"/>
      <line num="51" type="stmt" count="5"/>
      <line num="54" type="method" name="isOptional" visibility="private" complexity="6" crap="6" count="4"/>
      <line num="57" type="stmt" count="4"/>
      <line num="58" type="stmt" count="1"/>
      <line num="60" type="stmt" count="4"/>
      <line num="61" type="stmt" count="1"/>
      <line num="63" type="stmt" count="3"/>
      <line num="64" type="stmt" count="1"/>
      <line num="66" type="stmt" count="2"/>
      <metrics loc="69" ncloc="67" classes="1" methods="3" coveredmethods="3" conditionals="0" coveredconditionals="0" statements="25" coveredstatements="25" elements="28" coveredelements="28"/>
    </file>
    <file name="/home/runner/work/schema-generator/schema-generator/src/SchemaProviders/EntitySchemaProvider.php">
      <class name="Apie\SchemaGenerator\SchemaProviders\EntitySchemaProvider" namespace="global">
        <metrics complexity="6" methods="2" coveredmethods="2" conditionals="0" coveredconditionals="0" statements="16" coveredstatements="16" elements="18" coveredelements="18"/>
      </class>
      <line num="14" type="method" name="supports" visibility="public" complexity="1" crap="1" count="9"/>
      <line num="16" type="stmt" count="9"/>
      <line num="18" type="method" name="addCreationSchemaFor" visibility="public" complexity="5" crap="5" count="1"/>
      <line num="23" type="stmt" count="1"/>
      <line num="24" type="stmt" count="1"/>
      <line num="25" type="stmt" count="1"/>
      <line num="26" type="stmt" count="1"/>
      <line num="27" type="stmt" count="1"/>
      <line num="28" type="stmt" count="1"/>
      <line num="29" type="stmt" count="1"/>
      <line num="31" type="stmt" count="1"/>
      <line num="32" type="stmt" count="1"/>
      <line num="33" type="stmt" count="1"/>
      <line num="34" type="stmt" count="1"/>
      <line num="35" type="stmt" count="1"/>
      <line num="39" type="stmt" count="1"/>
      <line num="44" type="stmt" count="1"/>
      <line num="45" type="stmt" count="1"/>
      <metrics loc="48" ncloc="48" classes="1" methods="2" coveredmethods="2" conditionals="0" coveredconditionals="0" statements="16" coveredstatements="16" elements="18" coveredelements="18"/>
    </file>
    <file name="/home/runner/work/schema-generator/schema-generator/src/SchemaProviders/EnumSchemaProvider.php">
      <class name="Apie\SchemaGenerator\SchemaProviders\EnumSchemaProvider" namespace="global">
        <metrics complexity="5" methods="2" coveredmethods="1" conditionals="0" coveredconditionals="0" statements="17" coveredstatements="16" elements="19" coveredelements="17"/>
      </class>
      <line num="13" type="method" name="supports" visibility="public" complexity="1" crap="1" count="6"/>
      <line num="15" type="stmt" count="6"/>
      <line num="17" type="method" name="addCreationSchemaFor" visibility="public" complexity="4" crap="4.00" count="6"/>
      <line num="22" type="stmt" count="6"/>
      <line num="23" type="stmt" count="6"/>
      <line num="24" type="stmt" count="6"/>
      <line num="25" type="stmt" count="6"/>
      <line num="27" type="stmt" count="6"/>
      <line num="28" type="stmt" count="6"/>
      <line num="31" type="stmt" count="6"/>
      <line num="32" type="stmt" count="5"/>
      <line num="33" type="stmt" count="5"/>
      <line num="34" type="stmt" count="5"/>
      <line num="35" type="stmt" count="0"/>
      <line num="37" type="stmt" count="5"/>
      <line num="38" type="stmt" count="5"/>
      <line num="39" type="stmt" count="5"/>
      <line num="45" type="stmt" count="6"/>
      <line num="46" type="stmt" count="6"/>
      <metrics loc="49" ncloc="49" classes="1" methods="2" coveredmethods="1" conditionals="0" coveredconditionals="0" statements="17" coveredstatements="16" elements="19" coveredelements="17"/>
    </file>
    <file name="/home/runner/work/schema-generator/schema-generator/src/SchemaProviders/StringValueObjectSchemaProvider.php">
      <class name="Apie\SchemaGenerator\SchemaProviders\StringValueObjectSchemaProvider" namespace="global">
        <metrics complexity="3" methods="2" coveredmethods="2" conditionals="0" coveredconditionals="0" statements="8" coveredstatements="8" elements="10" coveredelements="10"/>
      </class>
      <line num="16" type="method" name="supports" visibility="public" complexity="1" crap="1" count="8"/>
      <line num="18" type="stmt" count="8"/>
      <line num="20" type="method" name="addCreationSchemaFor" visibility="public" complexity="2" crap="2" count="2"/>
      <line num="25" type="stmt" count="2"/>
      <line num="27" type="stmt" count="2"/>
      <line num="29" type="stmt" count="2"/>
      <line num="30" type="stmt" count="2"/>
      <line num="31" type="stmt" count="2"/>
      <line num="33" type="stmt" count="2"/>
      <line num="35" type="stmt" count="2"/>
      <metrics loc="38" ncloc="38" classes="1" methods="2" coveredmethods="2" conditionals="0" coveredconditionals="0" statements="8" coveredstatements="8" elements="10" coveredelements="10"/>
    </file>
    <metrics files="11" loc="492" ncloc="478" classes="9" methods="24" coveredmethods="19" conditionals="0" coveredconditionals="0" statements="141" coveredstatements="131" elements="165" coveredelements="150"/>
  </project>
</coverage>
