<?xml version="1.0" encoding="UTF-8"?>
<coverage generated="1658090769">
  <project timestamp="1658090769">
    <file name="/home/runner/work/schema-generator/schema-generator/src/Builders/ComponentsBuilder.php">
      <class name="Apie\SchemaGenerator\Builders\ComponentsBuilder" namespace="global">
        <metrics complexity="24" methods="7" coveredmethods="4" conditionals="0" coveredconditionals="0" statements="48" coveredstatements="41" elements="55" coveredelements="45"/>
      </class>
      <line num="26" type="method" name="__construct" visibility="public" complexity="1" crap="1" count="13"/>
      <line num="28" type="stmt" count="13"/>
      <line num="29" type="stmt" count="13"/>
      <line num="30" type="stmt" count="13"/>
      <line num="33" type="method" name="getMixedReference" visibility="public" complexity="1" crap="1" count="6"/>
      <line num="35" type="stmt" count="6"/>
      <line num="38" type="method" name="getComponents" visibility="public" complexity="1" crap="1" count="12"/>
      <line num="40" type="stmt" count="12"/>
      <line num="43" type="method" name="setSchema" visibility="public" complexity="2" crap="2.02" count="13"/>
      <line num="45" type="stmt" count="13"/>
      <line num="46" type="stmt" count="0"/>
      <line num="48" type="stmt" count="13"/>
      <line num="49" type="stmt" count="13"/>
      <line num="51" type="stmt" count="13"/>
      <line num="52" type="stmt" count="13"/>
      <line num="55" type="method" name="getSchemaForMethod" visibility="public" complexity="4" crap="4" count="3"/>
      <line num="57" type="stmt" count="3"/>
      <line num="58" type="stmt" count="3"/>
      <line num="59" type="stmt" count="3"/>
      <line num="60" type="stmt" count="1"/>
      <line num="62" type="stmt" count="3"/>
      <line num="63" type="stmt" count="3"/>
      <line num="65" type="stmt" count="3"/>
      <line num="68" type="method" name="getSchemaForType" visibility="public" complexity="5" crap="7.35" count="3"/>
      <line num="70" type="stmt" count="3"/>
      <line num="71" type="stmt" count="3"/>
      <line num="72" type="stmt" count="0"/>
      <line num="73" type="stmt" count="0"/>
      <line num="74" type="stmt" count="0"/>
      <line num="76" type="stmt" count="0"/>
      <line num="79" type="stmt" count="3"/>
      <line num="80" type="stmt" count="3"/>
      <line num="82" type="stmt" count="3"/>
      <line num="83" type="stmt" count="0"/>
      <line num="88" type="stmt" count="3"/>
      <line num="91" type="method" name="addCreationSchemaFor" visibility="public" complexity="10" crap="10.01" count="13"/>
      <line num="94" type="stmt" count="13"/>
      <line num="95" type="stmt" count="0"/>
      <line num="96" type="stmt" count="13"/>
      <line num="97" type="stmt" count="13"/>
      <line num="98" type="stmt" count="5"/>
      <line num="99" type="stmt" count="13"/>
      <line num="100" type="stmt" count="5"/>
      <line num="101" type="stmt" count="13"/>
      <line num="102" type="stmt" count="13"/>
      <line num="103" type="stmt" count="5"/>
      <line num="105" type="stmt" count="13"/>
      <line num="106" type="stmt" count="13"/>
      <line num="107" type="stmt" count="13"/>
      <line num="108" type="stmt" count="3"/>
      <line num="110" type="stmt" count="13"/>
      <line num="111" type="stmt" count="12"/>
      <line num="112" type="stmt" count="12"/>
      <line num="113" type="stmt" count="12"/>
      <line num="116" type="stmt" count="1"/>
      <metrics loc="119" ncloc="116" classes="1" methods="7" coveredmethods="4" conditionals="0" coveredconditionals="0" statements="48" coveredstatements="41" elements="55" coveredelements="45"/>
    </file>
    <file name="/home/runner/work/schema-generator/schema-generator/src/ComponentsBuilderFactory.php">
      <class name="Apie\SchemaGenerator\ComponentsBuilderFactory" namespace="global">
        <metrics complexity="3" methods="3" coveredmethods="3" conditionals="0" coveredconditionals="0" statements="14" coveredstatements="14" elements="17" coveredelements="17"/>
      </class>
      <line num="25" type="method" name="__construct" visibility="public" complexity="1" crap="1" count="12"/>
      <line num="27" type="stmt" count="12"/>
      <line num="30" type="method" name="createComponentsBuilderFactory" visibility="public" complexity="1" crap="1" count="12"/>
      <line num="32" type="stmt" count="12"/>
      <line num="33" type="stmt" count="12"/>
      <line num="34" type="stmt" count="12"/>
      <line num="35" type="stmt" count="12"/>
      <line num="36" type="stmt" count="12"/>
      <line num="37" type="stmt" count="12"/>
      <line num="38" type="stmt" count="12"/>
      <line num="39" type="stmt" count="12"/>
      <line num="40" type="stmt" count="12"/>
      <line num="41" type="stmt" count="12"/>
      <line num="42" type="stmt" count="12"/>
      <line num="43" type="stmt" count="12"/>
      <line num="47" type="method" name="createComponentsBuilder" visibility="public" complexity="1" crap="1" count="12"/>
      <line num="49" type="stmt" count="12"/>
      <metrics loc="52" ncloc="49" classes="1" methods="3" coveredmethods="3" conditionals="0" coveredconditionals="0" statements="14" coveredstatements="14" elements="17" coveredelements="17"/>
    </file>
    <file name="/home/runner/work/schema-generator/schema-generator/src/Enums/SchemaUsages.php">
      <metrics loc="10" ncloc="10" classes="0" methods="0" coveredmethods="0" conditionals="0" coveredconditionals="0" statements="0" coveredstatements="0" elements="0" coveredelements="0"/>
    </file>
    <file name="/home/runner/work/schema-generator/schema-generator/src/Exceptions/ICanNotExtractASchemaFromClassException.php">
      <class name="Apie\SchemaGenerator\Exceptions\ICanNotExtractASchemaFromClassException" namespace="global">
        <metrics complexity="1" methods="1" coveredmethods="1" conditionals="0" coveredconditionals="0" statements="2" coveredstatements="2" elements="3" coveredelements="3"/>
      </class>
      <line num="8" type="method" name="__construct" visibility="public" complexity="1" crap="1" count="1"/>
      <line num="10" type="stmt" count="1"/>
      <line num="11" type="stmt" count="1"/>
      <metrics loc="18" ncloc="18" classes="1" methods="1" coveredmethods="1" conditionals="0" coveredconditionals="0" statements="2" coveredstatements="2" elements="3" coveredelements="3"/>
    </file>
    <file name="/home/runner/work/schema-generator/schema-generator/src/Interfaces/SchemaProvider.php">
      <metrics loc="17" ncloc="17" classes="0" methods="0" coveredmethods="0" conditionals="0" coveredconditionals="0" statements="0" coveredstatements="0" elements="0" coveredelements="0"/>
    </file>
    <file name="/home/runner/work/schema-generator/schema-generator/src/Other/MethodSchemaInfo.php">
      <class name="Apie\SchemaGenerator\Other\MethodSchemaInfo" namespace="global">
        <metrics complexity="0" methods="0" coveredmethods="0" conditionals="0" coveredconditionals="0" statements="0" coveredstatements="0" elements="0" coveredelements="0"/>
      </class>
      <metrics loc="16" ncloc="10" classes="0" methods="0" coveredmethods="0" conditionals="0" coveredconditionals="0" statements="0" coveredstatements="0" elements="0" coveredelements="0"/>
    </file>
    <file name="/home/runner/work/schema-generator/schema-generator/src/SchemaProviders/CompositeValueObjectSchemaProvider.php">
      <class name="Apie\SchemaGenerator\SchemaProviders\CompositeValueObjectSchemaProvider" namespace="global">
        <metrics complexity="4" methods="2" coveredmethods="2" conditionals="0" coveredconditionals="0" statements="11" coveredstatements="11" elements="13" coveredelements="13"/>
      </class>
      <line num="13" type="method" name="supports" visibility="public" complexity="1" crap="1" count="11"/>
      <line num="15" type="stmt" count="11"/>
      <line num="17" type="method" name="addCreationSchemaFor" visibility="public" complexity="3" crap="3" count="1"/>
      <line num="22" type="stmt" count="1"/>
      <line num="23" type="stmt" count="1"/>
      <line num="24" type="stmt" count="1"/>
      <line num="25" type="stmt" count="1"/>
      <line num="26" type="stmt" count="1"/>
      <line num="27" type="stmt" count="1"/>
      <line num="29" type="stmt" count="1"/>
      <line num="32" type="stmt" count="1"/>
      <line num="37" type="stmt" count="1"/>
      <line num="38" type="stmt" count="1"/>
      <metrics loc="41" ncloc="41" classes="1" methods="2" coveredmethods="2" conditionals="0" coveredconditionals="0" statements="11" coveredstatements="11" elements="13" coveredelements="13"/>
    </file>
    <file name="/home/runner/work/schema-generator/schema-generator/src/SchemaProviders/DateValueObjectSchemaProvider.php">
      <class name="Apie\SchemaGenerator\SchemaProviders\DateValueObjectSchemaProvider" namespace="global">
        <metrics complexity="2" methods="2" coveredmethods="1" conditionals="0" coveredconditionals="0" statements="7" coveredstatements="1" elements="9" coveredelements="2"/>
      </class>
      <line num="15" type="method" name="supports" visibility="public" complexity="1" crap="1" count="11"/>
      <line num="17" type="stmt" count="11"/>
      <line num="19" type="method" name="addCreationSchemaFor" visibility="public" complexity="1" crap="2" count="0"/>
      <line num="24" type="stmt" count="0"/>
      <line num="25" type="stmt" count="0"/>
      <line num="27" type="stmt" count="0"/>
      <line num="28" type="stmt" count="0"/>
      <line num="31" type="stmt" count="0"/>
      <line num="33" type="stmt" count="0"/>
      <metrics loc="36" ncloc="36" classes="1" methods="2" coveredmethods="1" conditionals="0" coveredconditionals="0" statements="7" coveredstatements="1" elements="9" coveredelements="2"/>
    </file>
    <file name="/home/runner/work/schema-generator/schema-generator/src/SchemaProviders/DtoSchemaProvider.php">
      <class name="Apie\SchemaGenerator\SchemaProviders\DtoSchemaProvider" namespace="global">
        <metrics complexity="13" methods="3" coveredmethods="3" conditionals="0" coveredconditionals="0" statements="25" coveredstatements="25" elements="28" coveredelements="28"/>
      </class>
      <line num="15" type="method" name="supports" visibility="public" complexity="1" crap="1" count="12"/>
      <line num="17" type="stmt" count="12"/>
      <line num="20" type="method" name="addCreationSchemaFor" visibility="public" complexity="6" crap="6" count="5"/>
      <line num="25" type="stmt" count="5"/>
      <line num="26" type="stmt" count="5"/>
      <line num="27" type="stmt" count="5"/>
      <line num="29" type="stmt" count="4"/>
      <line num="30" type="stmt" count="4"/>
      <line num="31" type="stmt" count="2"/>
      <line num="33" type="stmt" count="4"/>
      <line num="34" type="stmt" count="4"/>
      <line num="35" type="stmt" count="3"/>
      <line num="36" type="stmt" count="3"/>
      <line num="38" type="stmt" count="4"/>
      <line num="39" type="stmt" count="4"/>
      <line num="41" type="stmt" count="4"/>
      <line num="42" type="stmt" count="4"/>
      <line num="45" type="stmt" count="5"/>
      <line num="50" type="stmt" count="5"/>
      <line num="51" type="stmt" count="5"/>
      <line num="54" type="method" name="isOptional" visibility="private" complexity="6" crap="6" count="4"/>
      <line num="57" type="stmt" count="4"/>
      <line num="58" type="stmt" count="1"/>
      <line num="60" type="stmt" count="4"/>
      <line num="61" type="stmt" count="1"/>
      <line num="63" type="stmt" count="3"/>
      <line num="64" type="stmt" count="1"/>
      <line num="66" type="stmt" count="2"/>
      <metrics loc="69" ncloc="67" classes="1" methods="3" coveredmethods="3" conditionals="0" coveredconditionals="0" statements="25" coveredstatements="25" elements="28" coveredelements="28"/>
    </file>
    <file name="/home/runner/work/schema-generator/schema-generator/src/SchemaProviders/EntitySchemaProvider.php">
      <class name="Apie\SchemaGenerator\SchemaProviders\EntitySchemaProvider" namespace="global">
        <metrics complexity="6" methods="2" coveredmethods="2" conditionals="0" coveredconditionals="0" statements="16" coveredstatements="16" elements="18" coveredelements="18"/>
      </class>
      <line num="14" type="method" name="supports" visibility="public" complexity="1" crap="1" count="11"/>
      <line num="16" type="stmt" count="11"/>
      <line num="18" type="method" name="addCreationSchemaFor" visibility="public" complexity="5" crap="5" count="3"/>
      <line num="23" type="stmt" count="3"/>
      <line num="24" type="stmt" count="3"/>
      <line num="25" type="stmt" count="3"/>
      <line num="26" type="stmt" count="3"/>
      <line num="27" type="stmt" count="3"/>
      <line num="28" type="stmt" count="3"/>
      <line num="29" type="stmt" count="3"/>
      <line num="31" type="stmt" count="3"/>
      <line num="32" type="stmt" count="3"/>
      <line num="33" type="stmt" count="1"/>
      <line num="34" type="stmt" count="1"/>
      <line num="35" type="stmt" count="1"/>
      <line num="39" type="stmt" count="3"/>
      <line num="44" type="stmt" count="3"/>
      <line num="45" type="stmt" count="3"/>
      <metrics loc="48" ncloc="48" classes="1" methods="2" coveredmethods="2" conditionals="0" coveredconditionals="0" statements="16" coveredstatements="16" elements="18" coveredelements="18"/>
    </file>
    <file name="/home/runner/work/schema-generator/schema-generator/src/SchemaProviders/EnumSchemaProvider.php">
      <class name="Apie\SchemaGenerator\SchemaProviders\EnumSchemaProvider" namespace="global">
        <metrics complexity="5" methods="2" coveredmethods="2" conditionals="0" coveredconditionals="0" statements="19" coveredstatements="19" elements="21" coveredelements="21"/>
      </class>
      <line num="13" type="method" name="supports" visibility="public" complexity="1" crap="1" count="8"/>
      <line num="15" type="stmt" count="8"/>
      <line num="17" type="method" name="addCreationSchemaFor" visibility="public" complexity="4" crap="4" count="8"/>
      <line num="22" type="stmt" count="8"/>
      <line num="23" type="stmt" count="8"/>
      <line num="24" type="stmt" count="8"/>
      <line num="25" type="stmt" count="8"/>
      <line num="27" type="stmt" count="8"/>
      <line num="31" type="stmt" count="8"/>
      <line num="32" type="stmt" count="7"/>
      <line num="33" type="stmt" count="7"/>
      <line num="34" type="stmt" count="6"/>
      <line num="35" type="stmt" count="1"/>
      <line num="37" type="stmt" count="6"/>
      <line num="38" type="stmt" count="6"/>
      <line num="39" type="stmt" count="6"/>
      <line num="44" type="stmt" count="1"/>
      <line num="45" type="stmt" count="1"/>
      <line num="46" type="stmt" count="1"/>
      <line num="52" type="stmt" count="8"/>
      <line num="53" type="stmt" count="8"/>
      <metrics loc="56" ncloc="56" classes="1" methods="2" coveredmethods="2" conditionals="0" coveredconditionals="0" statements="19" coveredstatements="19" elements="21" coveredelements="21"/>
    </file>
    <file name="/home/runner/work/schema-generator/schema-generator/src/SchemaProviders/ItemHashmapSchemaProvider.php">
      <class name="Apie\SchemaGenerator\SchemaProviders\ItemHashmapSchemaProvider" namespace="global">
        <metrics complexity="3" methods="2" coveredmethods="1" conditionals="0" coveredconditionals="0" statements="6" coveredstatements="1" elements="8" coveredelements="2"/>
      </class>
      <line num="13" type="method" name="supports" visibility="public" complexity="2" crap="2" count="12"/>
      <line num="15" type="stmt" count="12"/>
      <line num="17" type="method" name="addCreationSchemaFor" visibility="public" complexity="1" crap="2" count="0"/>
      <line num="22" type="stmt" count="0"/>
      <line num="23" type="stmt" count="0"/>
      <line num="24" type="stmt" count="0"/>
      <line num="29" type="stmt" count="0"/>
      <line num="31" type="stmt" count="0"/>
      <metrics loc="34" ncloc="34" classes="1" methods="2" coveredmethods="1" conditionals="0" coveredconditionals="0" statements="6" coveredstatements="1" elements="8" coveredelements="2"/>
    </file>
    <file name="/home/runner/work/schema-generator/schema-generator/src/SchemaProviders/ItemListSchemaProvider.php">
      <class name="Apie\SchemaGenerator\SchemaProviders\ItemListSchemaProvider" namespace="global">
        <metrics complexity="3" methods="2" coveredmethods="1" conditionals="0" coveredconditionals="0" statements="5" coveredstatements="1" elements="7" coveredelements="2"/>
      </class>
      <line num="12" type="method" name="supports" visibility="public" complexity="2" crap="2" count="12"/>
      <line num="14" type="stmt" count="12"/>
      <line num="16" type="method" name="addCreationSchemaFor" visibility="public" complexity="1" crap="2" count="0"/>
      <line num="21" type="stmt" count="0"/>
      <line num="22" type="stmt" count="0"/>
      <line num="23" type="stmt" count="0"/>
      <line num="25" type="stmt" count="0"/>
      <metrics loc="28" ncloc="28" classes="1" methods="2" coveredmethods="1" conditionals="0" coveredconditionals="0" statements="5" coveredstatements="1" elements="7" coveredelements="2"/>
    </file>
    <file name="/home/runner/work/schema-generator/schema-generator/src/SchemaProviders/PolymorphicEntitySchemaProvider.php">
      <class name="Apie\SchemaGenerator\SchemaProviders\PolymorphicEntitySchemaProvider" namespace="global">
        <metrics complexity="5" methods="2" coveredmethods="2" conditionals="0" coveredconditionals="0" statements="17" coveredstatements="17" elements="19" coveredelements="19"/>
      </class>
      <line num="15" type="method" name="supports" visibility="public" complexity="3" crap="3" count="12"/>
      <line num="17" type="stmt" count="12"/>
      <line num="18" type="stmt" count="12"/>
      <line num="20" type="stmt" count="2"/>
      <line num="21" type="stmt" count="2"/>
      <line num="23" type="method" name="addCreationSchemaFor" visibility="public" complexity="2" crap="2" count="1"/>
      <line num="28" type="stmt" count="1"/>
      <line num="29" type="stmt" count="1"/>
      <line num="31" type="stmt" count="1"/>
      <line num="32" type="stmt" count="1"/>
      <line num="33" type="stmt" count="1"/>
      <line num="34" type="stmt" count="1"/>
      <line num="35" type="stmt" count="1"/>
      <line num="37" type="stmt" count="1"/>
      <line num="38" type="stmt" count="1"/>
      <line num="39" type="stmt" count="1"/>
      <line num="40" type="stmt" count="1"/>
      <line num="45" type="stmt" count="1"/>
      <line num="46" type="stmt" count="1"/>
      <metrics loc="49" ncloc="48" classes="1" methods="2" coveredmethods="2" conditionals="0" coveredconditionals="0" statements="17" coveredstatements="17" elements="19" coveredelements="19"/>
    </file>
    <file name="/home/runner/work/schema-generator/schema-generator/src/SchemaProviders/SchemaAttributeProvider.php">
      <class name="Apie\SchemaGenerator\SchemaProviders\SchemaAttributeProvider" namespace="global">
        <metrics complexity="8" methods="2" coveredmethods="1" conditionals="0" coveredconditionals="0" statements="15" coveredstatements="1" elements="17" coveredelements="2"/>
      </class>
      <line num="17" type="method" name="supports" visibility="public" complexity="1" crap="1" count="12"/>
      <line num="19" type="stmt" count="12"/>
      <line num="21" type="method" name="addCreationSchemaFor" visibility="public" complexity="7" crap="56" count="0"/>
      <line num="26" type="stmt" count="0"/>
      <line num="27" type="stmt" count="0"/>
      <line num="28" type="stmt" count="0"/>
      <line num="29" type="stmt" count="0"/>
      <line num="31" type="stmt" count="0"/>
      <line num="32" type="stmt" count="0"/>
      <line num="33" type="stmt" count="0"/>
      <line num="35" type="stmt" count="0"/>
      <line num="36" type="stmt" count="0"/>
      <line num="38" type="stmt" count="0"/>
      <line num="39" type="stmt" count="0"/>
      <line num="41" type="stmt" count="0"/>
      <line num="43" type="stmt" count="0"/>
      <line num="45" type="stmt" count="0"/>
      <metrics loc="48" ncloc="48" classes="1" methods="2" coveredmethods="1" conditionals="0" coveredconditionals="0" statements="15" coveredstatements="1" elements="17" coveredelements="2"/>
    </file>
    <file name="/home/runner/work/schema-generator/schema-generator/src/SchemaProviders/StringValueObjectSchemaProvider.php">
      <class name="Apie\SchemaGenerator\SchemaProviders\StringValueObjectSchemaProvider" namespace="global">
        <metrics complexity="3" methods="2" coveredmethods="2" conditionals="0" coveredconditionals="0" statements="8" coveredstatements="8" elements="10" coveredelements="10"/>
      </class>
      <line num="16" type="method" name="supports" visibility="public" complexity="1" crap="1" count="11"/>
      <line num="18" type="stmt" count="11"/>
      <line num="20" type="method" name="addCreationSchemaFor" visibility="public" complexity="2" crap="2" count="3"/>
      <line num="25" type="stmt" count="3"/>
      <line num="27" type="stmt" count="3"/>
      <line num="29" type="stmt" count="3"/>
      <line num="30" type="stmt" count="3"/>
      <line num="31" type="stmt" count="3"/>
      <line num="33" type="stmt" count="3"/>
      <line num="35" type="stmt" count="3"/>
      <metrics loc="38" ncloc="38" classes="1" methods="2" coveredmethods="2" conditionals="0" coveredconditionals="0" statements="8" coveredstatements="8" elements="10" coveredelements="10"/>
    </file>
    <file name="/home/runner/work/schema-generator/schema-generator/src/SchemaProviders/ValueObjectSchemaProvider.php">
      <class name="Apie\SchemaGenerator\SchemaProviders\ValueObjectSchemaProvider" namespace="global">
        <metrics complexity="3" methods="2" coveredmethods="1" conditionals="0" coveredconditionals="0" statements="8" coveredstatements="1" elements="10" coveredelements="2"/>
      </class>
      <line num="18" type="method" name="supports" visibility="public" complexity="1" crap="1" count="8"/>
      <line num="20" type="stmt" count="8"/>
      <line num="22" type="method" name="addCreationSchemaFor" visibility="public" complexity="2" crap="6" count="0"/>
      <line num="27" type="stmt" count="0"/>
      <line num="28" type="stmt" count="0"/>
      <line num="30" type="stmt" count="0"/>
      <line num="31" type="stmt" count="0"/>
      <line num="32" type="stmt" count="0"/>
      <line num="34" type="stmt" count="0"/>
      <line num="36" type="stmt" count="0"/>
      <metrics loc="39" ncloc="36" classes="1" methods="2" coveredmethods="1" conditionals="0" coveredconditionals="0" statements="8" coveredstatements="1" elements="10" coveredelements="2"/>
    </file>
    <metrics files="17" loc="718" ncloc="700" classes="14" methods="34" coveredmethods="26" conditionals="0" coveredconditionals="0" statements="201" coveredstatements="158" elements="235" coveredelements="184"/>
  </project>
</coverage>
